[00:52:39] [main/INFO]: Loading Minecraft 1.21.1 with Fabric Loader 0.16.3
[00:52:39] [main/INFO]: Loading 4 mods:
	- fabricloader 0.16.3
	   \-- mixinextras 0.4.1
	- java 21
	- minecraft 1.21.1
[00:52:39] [main/INFO]: SpongePowered MIXIN Subsystem Version=0.8.7 Source=file:/workspaces/sv/servidor_minecraft/libraries/net/fabricmc/sponge-mixin/0.15.2+mixin.0.8.7/sponge-mixin-0.15.2+mixin.0.8.7.jar Service=Knot/Fabric Env=SERVER
[00:52:48] [main/INFO]: Environment: Environment[sessionHost=https://sessionserver.mojang.com, servicesHost=https://api.minecraftservices.com, name=PROD]
[00:52:51] [main/INFO]: Loaded 1290 recipes
[00:52:51] [main/INFO]: Loaded 1399 advancements
[00:52:52] [Server thread/INFO]: Starting minecraft server version 1.21.1
[00:52:52] [Server thread/INFO]: Loading properties
[00:52:52] [Server thread/INFO]: Default game type: SURVIVAL
[00:52:52] [Server thread/INFO]: Generating keypair
[00:52:52] [Server thread/INFO]: Starting Minecraft server on *:25565
[00:52:52] [Server thread/INFO]: Using epoll channel type
[00:52:52] [Server thread/WARN]: **** SERVER IS RUNNING IN OFFLINE/INSECURE MODE!
[00:52:52] [Server thread/WARN]: The server will make no attempt to authenticate usernames. Beware.
[00:52:52] [Server thread/WARN]: While this makes the game possible to play without internet access, it also opens up the ability for hackers to connect with any username they choose.
[00:52:52] [Server thread/WARN]: To change this, set "online-mode" to "true" in the server.properties file.
[00:52:52] [Server thread/INFO]: Preparing level "world"
[00:52:59] [Server thread/INFO]: Preparing start region for dimension minecraft:overworld
[00:52:59] [Worker-Main-1/INFO]: Preparing spawn area: 0%
[00:52:59] [Worker-Main-1/INFO]: Preparing spawn area: 0%
[00:53:00] [Server thread/INFO]: Time elapsed: 880 ms
[00:53:00] [Server thread/INFO]: Done (7.474s)! For help, type "help"
[00:53:25] [Server thread/INFO]: Buffalof[/127.216.105.136:42465] logged in with entity id 55 at (49.38941015377977, 135.0, -25.892050276516645)
[00:53:25] [Server thread/INFO]: Buffalof joined the game
[00:53:34] [Server thread/INFO]: Made Buffalof a server operator
[00:53:52] [Server thread/INFO]: [Buffalof: The difficulty has been set to Hard]
[00:54:07] [Server thread/INFO]: [Buffalof: Set own game mode to Creative Mode]
[00:54:45] [Server thread/INFO]: Buffalof lost connection: Disconnected
[00:54:45] [Server thread/INFO]: Buffalof left the game
[00:54:51] [Server thread/INFO]: Stopping the server
[00:54:52] [Server thread/INFO]: Stopping server
[00:54:52] [Server thread/INFO]: Saving players
[00:54:52] [Server thread/INFO]: Saving worlds
[00:54:52] [Server thread/INFO]: Saving chunks for level 'ServerLevel[world]'/minecraft:overworld
[00:54:52] [Server thread/INFO]: Saving chunks for level 'ServerLevel[world]'/minecraft:the_nether
[00:54:52] [Server thread/INFO]: Saving chunks for level 'ServerLevel[world]'/minecraft:the_end
[00:54:52] [Server thread/INFO]: ThreadedAnvilChunkStorage (world): All chunks are saved
[00:54:52] [Server thread/INFO]: ThreadedAnvilChunkStorage (DIM-1): All chunks are saved
[00:54:52] [Server thread/INFO]: ThreadedAnvilChunkStorage (DIM1): All chunks are saved
[00:54:52] [Server thread/INFO]: ThreadedAnvilChunkStorage: All dimensions are saved
